Removed Pin From Net: NetName=D13 Pin=ARDUINO_NANO-1
Removed Pin From Net: NetName=NetARDUINO_NANO_4 Pin=ARDUINO_NANO-4
Removed Pin From Net: NetName=+5 Pin=ARDUINO_NANO-12
Removed Pin From Net: NetName=GND Pin=ARDUINO_NANO-14
Removed Pin From Net: NetName=D2 Pin=ARDUINO_NANO-20
Removed Pin From Net: NetName=D3 Pin=ARDUINO_NANO-21
Removed Pin From Net: NetName=D4 Pin=ARDUINO_NANO-22
Removed Pin From Net: NetName=D5 Pin=ARDUINO_NANO-23
Removed Pin From Net: NetName=D6 Pin=ARDUINO_NANO-24
Removed Pin From Net: NetName=D7 Pin=ARDUINO_NANO-25
Removed Pin From Net: NetName=D8 Pin=ARDUINO_NANO-26
Removed Pin From Net: NetName=D9 Pin=ARDUINO_NANO-27
Removed Pin From Net: NetName=D10 Pin=ARDUINO_NANO-28
Removed Pin From Net: NetName=D11 Pin=ARDUINO_NANO-29
Removed Pin From Net: NetName=D12 Pin=ARDUINO_NANO-30
Removed Member From Class: ClassName=AlcoholDetectie met bus Member=ARDUINO_NANO
Added Component: Designator=Arduino Nano(PDIP-32)
Add component (AddParameter): Name = "Availability"; Value = "Not in stock"; VariantName = "[No Variations]"
Add component (AddParameter): Name = "Check_prices"; Value = "https://www.snapeda.com/parts/ARDUINONANO/Arduino/view-part/7459719/?ref=eda"; VariantName = "[No Variations]"
Add component (AddParameter): Name = "MF"; Value = "Arduino"; VariantName = "[No Variations]"
Add component (AddParameter): Name = "MP"; Value = "ARDUINONANO"; VariantName = "[No Variations]"
Add component (AddParameter): Name = "Package"; Value = "None"; VariantName = "[No Variations]"
Add component (AddParameter): Name = "Price"; Value = "None"; VariantName = "[No Variations]"
Add component (AddParameter): Name = "SnapEDA_Link"; Value = "https://www.snapeda.com/parts/ARDUINONANO/Arduino/view-part/7459719/?ref=snap"; VariantName = "[No Variations]"
Add component (AddParameter): Name = "Value"; Value = ""; VariantName = "[No Variations]"
Added Pin To Net: NetName=+5 Pin=Arduino Nano-+5V
Added Pin To Net: NetName=NetARDUINO_NANO_4 Pin=Arduino Nano-A0
Added Pin To Net: NetName=D2 Pin=Arduino Nano-D2
Added Pin To Net: NetName=D3 Pin=Arduino Nano-D3
Added Pin To Net: NetName=D4 Pin=Arduino Nano-D4
Added Pin To Net: NetName=D5 Pin=Arduino Nano-D5
Added Pin To Net: NetName=D6 Pin=Arduino Nano-D6
Added Pin To Net: NetName=D7 Pin=Arduino Nano-D7
Added Pin To Net: NetName=D8 Pin=Arduino Nano-D8
Added Pin To Net: NetName=D9 Pin=Arduino Nano-D9
Added Pin To Net: NetName=D10 Pin=Arduino Nano-D10
Added Pin To Net: NetName=D11 Pin=Arduino Nano-D11
Added Pin To Net: NetName=D12 Pin=Arduino Nano-D12
Added Pin To Net: NetName=D13 Pin=Arduino Nano-D13
Added Pin To Net: NetName=GND Pin=Arduino Nano-GND1
Change Net Name : Old Net Name=NetARDUINO_NANO_4 New Net Name=NetArduino Nano_A0
Added Member To Class: ClassName=AlcoholDetectie met bus Member=Component Arduino Nano ARDUINONANO
Added Room: Name=AlcoholDetectie met bus
