Added Component: Designator=Arduino Nano(SHIELD_ARDUINO_NANO)
Add component (AddParameter): Name = "Availability"; Value = "Not in stock"; VariantName = "[No Variations]"
Add component (AddParameter): Name = "Check_prices"; Value = "https://www.snapeda.com/parts/ARDUINONANO/Arduino/view-part/7459719/?ref=eda"; VariantName = "[No Variations]"
Add component (AddParameter): Name = "MF"; Value = "Arduino"; VariantName = "[No Variations]"
Add component (AddParameter): Name = "MP"; Value = "ARDUINONANO"; VariantName = "[No Variations]"
Add component (AddParameter): Name = "Package"; Value = "None"; VariantName = "[No Variations]"
Add component (AddParameter): Name = "Price"; Value = "None"; VariantName = "[No Variations]"
Add component (AddParameter): Name = "SnapEDA_Link"; Value = "https://www.snapeda.com/parts/ARDUINONANO/Arduino/view-part/7459719/?ref=snap"; VariantName = "[No Variations]"
Add component (AddParameter): Name = "Value"; Value = ""; VariantName = "[No Variations]"
Add Component: Footprint Not Found XDCR_SEN-08880
Add Pin To Net: Unknown Pin: Pin Arduino Nano-+5V
Add Pin To Net: Unknown Pin: Pin Arduino Nano-GND1
Add Pin To Net: Unknown Pin: Pin Arduino Nano-VIN
Add Pin To Net: Unknown Pin: Pin MQ - 3-1
Add Pin To Net: Unknown Pin: Pin MQ - 3-2
Add Pin To Net: Unknown Pin: Pin MQ - 3-3
Add Pin To Net: Unknown Pin: Pin MQ - 3-4
Add Pin To Net: Unknown Pin: Pin MQ - 3-5
Add Pin To Net: Unknown Pin: Pin MQ - 3-6
Added Member To Class: ClassName=AlcoholDetectie_V2 Member=Component Arduino Nano ARDUINONANO
Add Class Member: Failed to add class member : Component MQ - 3 SEN-08880
Added Room: Name=AlcoholDetectie_V2
